<?xml version="1.0" encoding="UTF-8"?>
<!-- Generated by org.testng.reporters.JUnitReportReporter -->
<testsuite skipped="0" hostname="M4L-FAC-MANZOOM" name="demo1.Login_Test" tests="1" failures="0" timestamp="14 Oct 2019 14:18:56 GMT" time="18.685" errors="0">
  <testcase name="Search" time="18.685" classname="demo1.Login_Test"/>
</testsuite> <!-- demo1.Login_Test -->
